Initialize engine version: 2019.3.2f1 (536936b73d1b)
[Subsystems] Discovering subsystems at path E:/BaiduNetdiskDownload/guigu/guigubahuang_Data/UnitySubsystems
GfxDevice: creating device client; threaded=1
Direct3D:
    Version:  Direct3D 11.0 [level 11.1]
    Renderer: NVIDIA GeForce GTX 1050 Ti (ID=0x1c82)
    Vendor:   
    VRAM:     4018 MB
    Driver:   27.21.14.5671
D3D11 device created for Microsoft Media Foundation video decoding.
<RI> Initializing input.
<RI> Input initialized.
<RI> Initialized touch support.
UnloadTime: 0.256900 ms
C:/Users/admin/AppData/LocalLow/guigugame/guigubahuang/Steam/CacheData
UnityEngine.Logger:Log(LogType, Object)
UnityEngine.Debug:Log(Object)
SceneGame:Init()
UnityEngine.LowLevel.UpdateFunction:Invoke()
CallQueue:Next()
UnityEngine.LowLevel.UpdateFunction:Invoke()
UnityEngine.LowLevel.UpdateFunction:Invoke()
CallQueue:Next()
UnityEngine.LowLevel.UpdateFunction:Invoke()
UnityEngine.LowLevel.UpdateFunction:Invoke()
CallQueue:Next()
UnityEngine.LowLevel.UpdateFunction:Invoke()
UnityEngine.LowLevel.UpdateFunction:Invoke()
CallQueue:Next()
UnityEngine.LowLevel.UpdateFunction:Invoke()
UnityEngine.LowLevel.UpdateFunction:Invoke()
CallQueue:Next()
UnityEngine.LowLevel.UpdateFunction:Invoke()
UnityEngine.LowLevel.UpdateFunction:Invoke()
UnityEngine.LowLevel.UpdateFunction:Invoke()
<>c__DisplayClass12_1:<IFrame>b__0()
ReturnAction`1:Invoke()
UnityEngine.WaitUntil:get_keepWaiting()
UnityEngine.SetupCoroutine:InvokeMoveNext(IEnumerator, IntPtr)
 
(Filename: C:\buildslave\unity\build\Runtime/Export/Debug/Debug.bindings.h Line: 35)

EntryPointNotFoundException: Unable to find an entry point named 'SteamAPI_ManualDispatch_Init' in 'steam_api64'.
  at Steamworks.CallbackDispatcher.Initialize () [0x00000] in <00000000000000000000000000000000>:0 
  at Steamworks.SteamAPI.Init () [0x00000] in <00000000000000000000000000000000>:0 
  at SteamManager.Awake () [0x00000] in <00000000000000000000000000000000>:0 
  at UnityEngine.GameObject.AddComponent[T] () [0x00000] in <00000000000000000000000000000000>:0 
  at SceneGame+<>c.<Init>b__8_1 () [0x00000] in <00000000000000000000000000000000>:0 
  at UnityEngine.LowLevel.PlayerLoopSystem+UpdateFunction.Invoke () [0x00000] in <00000000000000000000000000000000>:0 
  at UnityEngine.LowLevel.PlayerLoopSystem+UpdateFunction.Invoke () [0x00000] in <00000000000000000000000000000000>:0 
  at UnityEngine.LowLevel.PlayerLoopSystem+UpdateFunction.Invoke () [0x00000] in <00000000000000000000000000000000>:0 
  at CallQueue.Next () [0x00000] in <00000000000000000000000000000000>:0 
  at FixPatchMgr+<>c__DisplayClass5_1.<CacheHandlerFix>b__2 () [0x00000] in <00000000000000000000000000000000>:0 
  at UnityEngine.LowLevel.PlayerLoopSystem+UpdateFunction.Invoke () [0x00000] in <00000000000000000000000000000000>:0 
  at CallQueue.Next () [0x00000] in <00000000000000000000000000000000>:0 
  at UnityEngine.LowLevel.PlayerLoopSystem+UpdateFunction.Invoke () [0x00000] in <00000000000000000000000000000000>:0 
  at CallQueue.Next () [0x00000] in <00000000000000000000000000000000>:0 
  at FixPatchMgr+<>c__DisplayClass5_1.<CacheHandlerFix>b__1 () [0x00000] in <00000000000000000000000000000000>:0 
  at UnityEngine.LowLevel.PlayerLoopSystem+UpdateFunction.Invoke () [0x00000] in <00000000000000000000000000000000>:0 
  at CallQueue.Next () [0x00000] in <00000000000000000000000000000000>:0 
  at FixPatchMgr.Init (System.Action call) [0x00000] in <00000000000000000000000000000000>:0 
  at SceneGame.Init () [0x00000] in <00000000000000000000000000000000>:0 
  at UnityEngine.LowLevel.PlayerLoopSystem+UpdateFunction.Invoke () [0x00000] in <00000000000000000000000000000000>:0 
  at CallQueue.Next () [0x00000] in <00000000000000000000000000000000>:0 
  at UnityEngine.LowLevel.PlayerLoopSystem+UpdateFunction.Invoke () [0x00000] in <00000000000000000000000000000000>:0 
  at UnityEngine.LowLevel.PlayerLoopSystem+UpdateFunction.Invoke () [0x00000] in <00000000000000000000000000000000>:0 
  at CallQueue.Next () [0x00000] in <00000000000000000000000000000000>:0 
  at UnityEngine.LowLevel.PlayerLoopSystem+UpdateFunction.Invoke () [0x00000] in <00000000000000000000000000000000>:0 
  at UnityEngine.LowLevel.PlayerLoopSystem+UpdateFunction.Invoke () [0x00000] in <00000000000000000000000000000000>:0 
  at CallQueue.Next () [0x00000] in <00000000000000000000000000000000>:0 
  at UnityEngine.LowLevel.PlayerLoopSystem+UpdateFunction.Invoke () [0x00000] in <00000000000000000000000000000000>:0 
  at UnityEngine.LowLevel.PlayerLoopSystem+UpdateFunction.Invoke () [0x00000] in <00000000000000000000000000000000>:0 
  at CallQueue.Next () [0x00000] in <00000000000000000000000000000000>:0 
  at UnityEngine.LowLevel.PlayerLoopSystem+UpdateFunction.Invoke () [0x00000] in <00000000000000000000000000000000>:0 
  at UnityEngine.LowLevel.PlayerLoopSystem+UpdateFunction.Invoke () [0x00000] in <00000000000000000000000000000000>:0 
  at CallQueue.Next () [0x00000] in <00000000000000000000000000000000>:0 
  at UnityEngine.LowLevel.PlayerLoopSystem+UpdateFunction.Invoke () [0x00000] in <00000000000000000000000000000000>:0 
  at UnityEngine.LowLevel.PlayerLoopSystem+UpdateFunction.Invoke () [0x00000] in <00000000000000000000000000000000>:0 
  at UnityEngine.LowLevel.PlayerLoopSystem+UpdateFunction.Invoke () [0x00000] in <00000000000000000000000000000000>:0 
  at TimerMgr+<>c__DisplayClass12_1.<IFrame>b__0 () [0x00000] in <00000000000000000000000000000000>:0 
  at ReturnAction`1[T].Invoke () [0x00000] in <00000000000000000000000000000000>:0 
  at UnityEngine.WaitUntil.get_keepWaiting () [0x00000] in <00000000000000000000000000000000>:0 
  at UnityEngine.SetupCoroutine.InvokeMoveNext (System.Collections.IEnumerator enumerator, System.IntPtr returnValueAddress) [0x00000] in <00000000000000000000000000000000>:0 
UnityEngine.GameObject:AddComponent()
<>c:<Init>b__8_1()
UnityEngine.LowLevel.UpdateFunction:Invoke()
UnityEngine.LowLevel.UpdateFunction:Invoke()
UnityEngine.LowLevel.UpdateFunction:Invoke()
CallQueue:Next()
<>c__DisplayClass5_1:<CacheHandlerFix>b__2()
UnityEngine.LowLevel.UpdateFunction:Invoke()
CallQueue:Next()
UnityEngine.LowLevel.UpdateFunction:Invoke()
CallQueue:Next()
<>c__DisplayClass5_1:<CacheHandlerFix>b__1()
UnityEngine.LowLevel.UpdateFunction:Invoke()
CallQueue:Next()
FixPatchMgr:Init(Action)
SceneGame:Init()
UnityEngine.LowLevel.UpdateFunction:Invoke()
CallQueue:Next()
UnityEngine.LowLevel.UpdateFunction:Invoke()
UnityEngine.LowLevel.UpdateFunction:Invoke()
CallQueue:Next()
UnityEngine.LowLevel.UpdateFunction:Invoke()
UnityEngine.LowLevel.UpdateFunction:Invoke()
CallQueue:Next()
UnityEngine.LowLevel.UpdateFunction:Invoke()
UnityEngine.LowLevel.UpdateFunction:Invoke()
CallQueue:Next()
UnityEngine.LowLevel.UpdateFunction:Invoke()
UnityEngine.LowLevel.UpdateFunction:Invoke()
CallQueue:Next()
UnityEngine.LowLevel.UpdateFunction:Invoke()
UnityEngine.LowLevel.UpdateFunction:Invoke()
UnityEngine.LowLevel.UpdateFunction:Invoke()
<>c__DisplayClass12_1:<IFrame>b__0()
ReturnAction`1:Invoke()
UnityEngine.WaitUntil:get_keepWaiting()
UnityEngine.SetupCoroutine:InvokeMoveNext(IEnumerator, IntPtr)
 
(Filename: currently not available on il2cpp Line: -1)

Unloading 5 Unused Serialized files (Serialized files now loaded: 0)
UnloadTime: 0.495800 ms

Unloading 91 unused Assets to reduce memory usage. Loaded Objects now: 3778.
Total: 29.344400 ms (FindLiveObjects: 0.361300 ms CreateObjectMapping: 0.117200 ms MarkObjects: 28.772000 ms  DeleteObjects: 0.093200 ms)

Curl error 52: Empty reply from server
 
(Filename:  Line: 813)

Curl error 52: Empty reply from server
 
(Filename:  Line: 813)

Curl error 52: Empty reply from server
 
(Filename:  Line: 813)

Curl error 52: Empty reply from server
 
(Filename:  Line: 813)

屏幕大小：1920 1080
平台：Steam
UnityEngine.Logger:Log(LogType, Object)
UnityEngine.Debug:Log(Object)
GameSetting:UpdateSetting()
SceneLogin:Init()
<>c__DisplayClass5_1:<LoadSceneAsync>b__3()
UnityEngine.LowLevel.UpdateFunction:Invoke()
UnityEngine.LowLevel.UpdateFunction:Invoke()
CallQueue:Next()
System.Action`1:Invoke(T)
DataGloble:InitData(Action`1)
UnityEngine.LowLevel.UpdateFunction:Invoke()
CallQueue:Next()
UnityEngine.LowLevel.UpdateFunction:Invoke()
UnityEngine.LowLevel.UpdateFunction:Invoke()
CallQueue:Next()
UnityEngine.LowLevel.UpdateFunction:Invoke()
UnityEngine.LowLevel.UpdateFunction:Invoke()
UnityEngine.LowLevel.UpdateFunction:Invoke()
<>c__DisplayClass12_1:<IFrame>b__0()
ReturnAction`1:Invoke()
UnityEngine.WaitUntil:get_keepWaiting()
UnityEngine.SetupCoroutine:InvokeMoveNext(IEnumerator, IntPtr)
 
(Filename: C:\buildslave\unity\build\Runtime/Export/Debug/Debug.bindings.h Line: 35)

读取存档1_33OdFC，游戏时间：5小时34分12秒  耗时：1897毫秒
UnityEngine.Logger:Log(LogType, Object)
UnityEngine.Debug:Log(Object)
CodeTimeLog:LogMs(String)
<>c__DisplayClass46_0:<InitData>b__0()
UnityEngine.LowLevel.UpdateFunction:Invoke()
<>c__DisplayClass12_1:<IFrame>b__0()
ReturnAction`1:Invoke()
UnityEngine.WaitUntil:get_keepWaiting()
UnityEngine.SetupCoroutine:InvokeMoveNext(IEnumerator, IntPtr)
 
(Filename: C:\buildslave\unity\build\Runtime/Export/Debug/Debug.bindings.h Line: 35)

Unloading 2 Unused Serialized files (Serialized files now loaded: 0)
UnloadTime: 0.193700 ms

Unloading 1241 unused Assets to reduce memory usage. Loaded Objects now: 4184.
Total: 473.645900 ms (FindLiveObjects: 0.454000 ms CreateObjectMapping: 0.107000 ms MarkObjects: 406.916400 ms  DeleteObjects: 66.168100 ms)

剧情ID:23401
UnityEngine.Logger:Log(LogType, Object)
UnityEngine.Debug:Log(Object)
DramaTool:OpenDramaInID(Int32, DramaData)
DramaTool:OpenDrama(Int32, DramaData)
UICustomDramaBase:OpenUI()
UICustomDramaDyn:OpenDrameUI(Int32, WorldUnitBase, Action, DramaData)
WorldSpecialMonstTrigger1001:OnSetPoint(ETypeData)
Steamworks.DispatchDelegate:Invoke(T)
EventsData:Call(ETypeData)
EventsMgr:EmitEvents(String, ETypeData)
EventsMgr:Emit(String, ETypeData)
UnityEngine.LowLevel.UpdateFunction:Invoke()
UnitActionBase:Create()
WorldUnitBase:CreateAction(UnitActionBase, Boolean)
UnitActionBase:Create()
WorldUnitBase:CreateAction(UnitActionBase, Boolean)
<>c__DisplayClass84_1:<MovePlayerPosi>b__2()
UnityEngine.OnOverrideControllerDirtyCallback:Invoke()
DG.Tweening.Tween:OnTweenCallback(TweenCallback)
DG.Tweening.Tween:DoGoto(Tween, Single, Int32, UpdateMode)
DG.Tweening.Core.TweenManager:Update(UpdateType, Single, Single)
DG.Tweening.Core.DOTweenComponent:Update()
 
(Filename: C:\buildslave\unity\build\Runtime/Export/Debug/Debug.bindings.h Line: 35)

进入副本：4707，等级：14
UnityEngine.Logger:Log(LogType, Object)
UnityEngine.Debug:Log(Object)
WorldBattleMgr:IntoBattleInit(Vector2Int, MonstData, WorldBattleData)
WorldBattleMgr:IntoBattle(Vector2Int, MonstData, Action, WorldBattleData)
WorldBattleMgr:IntoBattle(MonstData, Action, WorldBattleData)
DramaFunctionTool:IntoDungeon(String[])
DramaFunctionTool:OptionsFunction(String, DramaFunctionData)
<>c__DisplayClass2_0:<OnSetPoint>b__0()
UnityEngine.LowLevel.UpdateFunction:Invoke()
UICustomDramaBase:<Init>b__8_0(ConfDramaOptionsItem)
Steamworks.DispatchDelegate:Invoke(T)
<>c__DisplayClass10_0:<CreateOptions>b__1()
UnityEngine.LowLevel.UpdateFunction:Invoke()
<>c__DisplayClass10_0:<CreateOptions>b__0()
UnityEngine.LowLevel.UpdateFunction:Invoke()
UnityEngine.Events.InvokableCall:Invoke()
UnityEngine.Events.UnityEvent:Invoke()
ICSharpCode.SharpZipLib.Core.ProgressHandler:Invoke(Object, ProgressEventArgs)
UnityEngine.EventSystems.ExecuteEvents:Execute(GameObject, BaseEventData, EventFunction`1)
UnityEngine.EventSystems.StandaloneInputModule:ReleaseMouse(PointerEventData, GameObject)
UnityEngine.EventSystems.StandaloneInputModule:ProcessMousePress(MouseButtonEventData)
UnityEngine.EventSystems.StandaloneInputModule:ProcessMouseEvent(Int32)
UnityEngine.EventSystems.StandaloneInputModule:Process()
UnityEngine.EventSystems.EventSystem:Update()
 
(Filename: C:\buildslave\unity\build\Runtime/Export/Debug/Debug.bindings.h Line: 35)

Unloading 3 Unused Serialized files (Serialized files now loaded: 0)
UnloadTime: 21.764600 ms

Unloading 6673 unused Assets to reduce memory usage. Loaded Objects now: 5160.
Total: 415.270400 ms (FindLiveObjects: 0.941300 ms CreateObjectMapping: 0.809800 ms MarkObjects: 407.538500 ms  DeleteObjects: 5.980300 ms)

Curl error 52: Empty reply from server
 
(Filename:  Line: 813)

Curl error 52: Empty reply from server
 
(Filename:  Line: 813)

4707 战斗结束：True
UnityEngine.Logger:Log(LogType, Object)
UnityEngine.Debug:Log(Object)
UIBattleEnd:InitData(Boolean)
UnityEngine.LowLevel.UpdateFunction:Invoke()
<ITime>d__8:MoveNext()
UnityEngine.SetupCoroutine:InvokeMoveNext(IEnumerator, IntPtr)
 
(Filename: C:\buildslave\unity\build\Runtime/Export/Debug/Debug.bindings.h Line: 35)

Unloading 3 Unused Serialized files (Serialized files now loaded: 0)
UnloadTime: 14.304600 ms

Unloading 8288 unused Assets to reduce memory usage. Loaded Objects now: 5841.
Total: 369.114600 ms (FindLiveObjects: 1.297600 ms CreateObjectMapping: 0.518000 ms MarkObjects: 357.677400 ms  DeleteObjects: 9.621100 ms)

剧情ID:23401
UnityEngine.Logger:Log(LogType, Object)
UnityEngine.Debug:Log(Object)
DramaTool:OpenDramaInID(Int32, DramaData)
DramaTool:OpenDrama(Int32, DramaData)
UICustomDramaBase:OpenUI()
UICustomDramaDyn:OpenDrameUI(Int32, WorldUnitBase, Action, DramaData)
WorldSpecialMonstTrigger1001:OnSetPoint(ETypeData)
Steamworks.DispatchDelegate:Invoke(T)
EventsData:Call(ETypeData)
EventsMgr:EmitEvents(String, ETypeData)
EventsMgr:Emit(String, ETypeData)
UnityEngine.LowLevel.UpdateFunction:Invoke()
UnitActionBase:Create()
WorldUnitBase:CreateAction(UnitActionBase, Boolean)
UnitActionBase:Create()
WorldUnitBase:CreateAction(UnitActionBase, Boolean)
<>c__DisplayClass84_1:<MovePlayerPosi>b__2()
UnityEngine.OnOverrideControllerDirtyCallback:Invoke()
DG.Tweening.Tween:OnTweenCallback(TweenCallback)
DG.Tweening.Tween:DoGoto(Tween, Single, Int32, UpdateMode)
DG.Tweening.Core.TweenManager:Update(UpdateType, Single, Single)
DG.Tweening.Core.DOTweenComponent:Update()
 
(Filename: C:\buildslave\unity\build\Runtime/Export/Debug/Debug.bindings.h Line: 35)

进入副本：4707，等级：14
UnityEngine.Logger:Log(LogType, Object)
UnityEngine.Debug:Log(Object)
WorldBattleMgr:IntoBattleInit(Vector2Int, MonstData, WorldBattleData)
WorldBattleMgr:IntoBattle(Vector2Int, MonstData, Action, WorldBattleData)
WorldBattleMgr:IntoBattle(MonstData, Action, WorldBattleData)
DramaFunctionTool:IntoDungeon(String[])
DramaFunctionTool:OptionsFunction(String, DramaFunctionData)
<>c__DisplayClass2_0:<OnSetPoint>b__0()
UnityEngine.LowLevel.UpdateFunction:Invoke()
UICustomDramaBase:<Init>b__8_0(ConfDramaOptionsItem)
Steamworks.DispatchDelegate:Invoke(T)
<>c__DisplayClass10_0:<CreateOptions>b__1()
UnityEngine.LowLevel.UpdateFunction:Invoke()
<>c__DisplayClass10_0:<CreateOptions>b__0()
UnityEngine.LowLevel.UpdateFunction:Invoke()
UnityEngine.Events.InvokableCall:Invoke()
UnityEngine.Events.UnityEvent:Invoke()
ICSharpCode.SharpZipLib.Core.ProgressHandler:Invoke(Object, ProgressEventArgs)
UnityEngine.EventSystems.ExecuteEvents:Execute(GameObject, BaseEventData, EventFunction`1)
UnityEngine.EventSystems.StandaloneInputModule:ReleaseMouse(PointerEventData, GameObject)
UnityEngine.EventSystems.StandaloneInputModule:ProcessMousePress(MouseButtonEventData)
UnityEngine.EventSystems.StandaloneInputModule:ProcessMouseEvent(Int32)
UnityEngine.EventSystems.StandaloneInputModule:Process()
UnityEngine.EventSystems.EventSystem:Update()
 
(Filename: C:\buildslave\unity\build\Runtime/Export/Debug/Debug.bindings.h Line: 35)

Curl error 52: Empty reply from server
 
(Filename:  Line: 813)

Unloading 3 Unused Serialized files (Serialized files now loaded: 0)
UnloadTime: 14.558900 ms

Unloading 5338 unused Assets to reduce memory usage. Loaded Objects now: 5846.
Total: 426.795900 ms (FindLiveObjects: 1.050700 ms CreateObjectMapping: 0.309800 ms MarkObjects: 421.840600 ms  DeleteObjects: 3.594100 ms)

4707 战斗结束：True
UnityEngine.Logger:Log(LogType, Object)
UnityEngine.Debug:Log(Object)
UIBattleEnd:InitData(Boolean)
UnityEngine.LowLevel.UpdateFunction:Invoke()
<ITime>d__8:MoveNext()
UnityEngine.SetupCoroutine:InvokeMoveNext(IEnumerator, IntPtr)
 
(Filename: C:\buildslave\unity\build\Runtime/Export/Debug/Debug.bindings.h Line: 35)

Unloading 3 Unused Serialized files (Serialized files now loaded: 0)
UnloadTime: 16.215600 ms

Unloading 6046 unused Assets to reduce memory usage. Loaded Objects now: 5877.
Total: 476.107100 ms (FindLiveObjects: 1.216600 ms CreateObjectMapping: 0.493700 ms MarkObjects: 467.009900 ms  DeleteObjects: 7.386600 ms)

剧情ID:23401
UnityEngine.Logger:Log(LogType, Object)
UnityEngine.Debug:Log(Object)
DramaTool:OpenDramaInID(Int32, DramaData)
DramaTool:OpenDrama(Int32, DramaData)
UICustomDramaBase:OpenUI()
UICustomDramaDyn:OpenDrameUI(Int32, WorldUnitBase, Action, DramaData)
WorldSpecialMonstTrigger1001:OnSetPoint(ETypeData)
Steamworks.DispatchDelegate:Invoke(T)
EventsData:Call(ETypeData)
EventsMgr:EmitEvents(String, ETypeData)
EventsMgr:Emit(String, ETypeData)
UnityEngine.LowLevel.UpdateFunction:Invoke()
UnitActionBase:Create()
WorldUnitBase:CreateAction(UnitActionBase, Boolean)
UnitActionBase:Create()
WorldUnitBase:CreateAction(UnitActionBase, Boolean)
<>c__DisplayClass84_1:<MovePlayerPosi>b__2()
UnityEngine.OnOverrideControllerDirtyCallback:Invoke()
DG.Tweening.Tween:OnTweenCallback(TweenCallback)
DG.Tweening.Tween:DoGoto(Tween, Single, Int32, UpdateMode)
DG.Tweening.Core.TweenManager:Update(UpdateType, Single, Single)
DG.Tweening.Core.DOTweenComponent:Update()
 
(Filename: C:\buildslave\unity\build\Runtime/Export/Debug/Debug.bindings.h Line: 35)

进入副本：4707，等级：14
UnityEngine.Logger:Log(LogType, Object)
UnityEngine.Debug:Log(Object)
WorldBattleMgr:IntoBattleInit(Vector2Int, MonstData, WorldBattleData)
WorldBattleMgr:IntoBattle(Vector2Int, MonstData, Action, WorldBattleData)
WorldBattleMgr:IntoBattle(MonstData, Action, WorldBattleData)
DramaFunctionTool:IntoDungeon(String[])
DramaFunctionTool:OptionsFunction(String, DramaFunctionData)
<>c__DisplayClass2_0:<OnSetPoint>b__0()
UnityEngine.LowLevel.UpdateFunction:Invoke()
UICustomDramaBase:<Init>b__8_0(ConfDramaOptionsItem)
Steamworks.DispatchDelegate:Invoke(T)
<>c__DisplayClass10_0:<CreateOptions>b__1()
UnityEngine.LowLevel.UpdateFunction:Invoke()
<>c__DisplayClass10_0:<CreateOptions>b__0()
UnityEngine.LowLevel.UpdateFunction:Invoke()
UnityEngine.Events.InvokableCall:Invoke()
UnityEngine.Events.UnityEvent:Invoke()
ICSharpCode.SharpZipLib.Core.ProgressHandler:Invoke(Object, ProgressEventArgs)
UnityEngine.EventSystems.ExecuteEvents:Execute(GameObject, BaseEventData, EventFunction`1)
UnityEngine.EventSystems.StandaloneInputModule:ReleaseMouse(PointerEventData, GameObject)
UnityEngine.EventSystems.StandaloneInputModule:ProcessMousePress(MouseButtonEventData)
UnityEngine.EventSystems.StandaloneInputModule:ProcessMouseEvent(Int32)
UnityEngine.EventSystems.StandaloneInputModule:Process()
UnityEngine.EventSystems.EventSystem:Update()
 
(Filename: C:\buildslave\unity\build\Runtime/Export/Debug/Debug.bindings.h Line: 35)

Curl error 52: Empty reply from server
 
(Filename:  Line: 813)

Unloading 3 Unused Serialized files (Serialized files now loaded: 0)
UnloadTime: 16.457700 ms

Unloading 5366 unused Assets to reduce memory usage. Loaded Objects now: 5882.
Total: 424.365200 ms (FindLiveObjects: 1.062600 ms CreateObjectMapping: 0.343300 ms MarkObjects: 419.267800 ms  DeleteObjects: 3.691100 ms)

Curl error 52: Empty reply from server
 
(Filename:  Line: 813)

4707 战斗结束：True
UnityEngine.Logger:Log(LogType, Object)
UnityEngine.Debug:Log(Object)
UIBattleEnd:InitData(Boolean)
UnityEngine.LowLevel.UpdateFunction:Invoke()
<ITime>d__8:MoveNext()
UnityEngine.SetupCoroutine:InvokeMoveNext(IEnumerator, IntPtr)
 
(Filename: C:\buildslave\unity\build\Runtime/Export/Debug/Debug.bindings.h Line: 35)

Unloading 3 Unused Serialized files (Serialized files now loaded: 0)
UnloadTime: 17.377300 ms

Unloading 5933 unused Assets to reduce memory usage. Loaded Objects now: 5894.
Total: 480.643100 ms (FindLiveObjects: 0.959100 ms CreateObjectMapping: 0.308000 ms MarkObjects: 472.989900 ms  DeleteObjects: 6.385600 ms)

剧情ID:23401
UnityEngine.Logger:Log(LogType, Object)
UnityEngine.Debug:Log(Object)
DramaTool:OpenDramaInID(Int32, DramaData)
DramaTool:OpenDrama(Int32, DramaData)
UICustomDramaBase:OpenUI()
UICustomDramaDyn:OpenDrameUI(Int32, WorldUnitBase, Action, DramaData)
WorldSpecialMonstTrigger1001:OnSetPoint(ETypeData)
Steamworks.DispatchDelegate:Invoke(T)
EventsData:Call(ETypeData)
EventsMgr:EmitEvents(String, ETypeData)
EventsMgr:Emit(String, ETypeData)
UnityEngine.LowLevel.UpdateFunction:Invoke()
UnitActionBase:Create()
WorldUnitBase:CreateAction(UnitActionBase, Boolean)
UnitActionBase:Create()
WorldUnitBase:CreateAction(UnitActionBase, Boolean)
<>c__DisplayClass84_1:<MovePlayerPosi>b__2()
UnityEngine.OnOverrideControllerDirtyCallback:Invoke()
DG.Tweening.Tween:OnTweenCallback(TweenCallback)
DG.Tweening.Tween:DoGoto(Tween, Single, Int32, UpdateMode)
DG.Tweening.Core.TweenManager:Update(UpdateType, Single, Single)
DG.Tweening.Core.DOTweenComponent:Update()
 
(Filename: C:\buildslave\unity\build\Runtime/Export/Debug/Debug.bindings.h Line: 35)

进入副本：4707，等级：14
UnityEngine.Logger:Log(LogType, Object)
UnityEngine.Debug:Log(Object)
WorldBattleMgr:IntoBattleInit(Vector2Int, MonstData, WorldBattleData)
WorldBattleMgr:IntoBattle(Vector2Int, MonstData, Action, WorldBattleData)
WorldBattleMgr:IntoBattle(MonstData, Action, WorldBattleData)
DramaFunctionTool:IntoDungeon(String[])
DramaFunctionTool:OptionsFunction(String, DramaFunctionData)
<>c__DisplayClass2_0:<OnSetPoint>b__0()
UnityEngine.LowLevel.UpdateFunction:Invoke()
UICustomDramaBase:<Init>b__8_0(ConfDramaOptionsItem)
Steamworks.DispatchDelegate:Invoke(T)
<>c__DisplayClass10_0:<CreateOptions>b__1()
UnityEngine.LowLevel.UpdateFunction:Invoke()
<>c__DisplayClass10_0:<CreateOptions>b__0()
UnityEngine.LowLevel.UpdateFunction:Invoke()
UnityEngine.Events.InvokableCall:Invoke()
UnityEngine.Events.UnityEvent:Invoke()
ICSharpCode.SharpZipLib.Core.ProgressHandler:Invoke(Object, ProgressEventArgs)
UnityEngine.EventSystems.ExecuteEvents:Execute(GameObject, BaseEventData, EventFunction`1)
UnityEngine.EventSystems.StandaloneInputModule:ReleaseMouse(PointerEventData, GameObject)
UnityEngine.EventSystems.StandaloneInputModule:ProcessMousePress(MouseButtonEventData)
UnityEngine.EventSystems.StandaloneInputModule:ProcessMouseEvent(Int32)
UnityEngine.EventSystems.StandaloneInputModule:Process()
UnityEngine.EventSystems.EventSystem:Update()
 
(Filename: C:\buildslave\unity\build\Runtime/Export/Debug/Debug.bindings.h Line: 35)

Curl error 52: Empty reply from server
 
(Filename:  Line: 813)

Unloading 3 Unused Serialized files (Serialized files now loaded: 0)
UnloadTime: 16.847700 ms

Unloading 6025 unused Assets to reduce memory usage. Loaded Objects now: 5902.
Total: 467.642700 ms (FindLiveObjects: 1.269500 ms CreateObjectMapping: 0.505000 ms MarkObjects: 462.148300 ms  DeleteObjects: 3.719000 ms)

4707 战斗结束：True
UnityEngine.Logger:Log(LogType, Object)
UnityEngine.Debug:Log(Object)
UIBattleEnd:InitData(Boolean)
UnityEngine.LowLevel.UpdateFunction:Invoke()
<ITime>d__8:MoveNext()
UnityEngine.SetupCoroutine:InvokeMoveNext(IEnumerator, IntPtr)
 
(Filename: C:\buildslave\unity\build\Runtime/Export/Debug/Debug.bindings.h Line: 35)

Unloading 3 Unused Serialized files (Serialized files now loaded: 0)
UnloadTime: 19.326700 ms

Unloading 6036 unused Assets to reduce memory usage. Loaded Objects now: 5908.
Total: 508.289800 ms (FindLiveObjects: 1.142400 ms CreateObjectMapping: 0.369300 ms MarkObjects: 500.106000 ms  DeleteObjects: 6.671900 ms)

剧情ID:23401
UnityEngine.Logger:Log(LogType, Object)
UnityEngine.Debug:Log(Object)
DramaTool:OpenDramaInID(Int32, DramaData)
DramaTool:OpenDrama(Int32, DramaData)
UICustomDramaBase:OpenUI()
UICustomDramaDyn:OpenDrameUI(Int32, WorldUnitBase, Action, DramaData)
WorldSpecialMonstTrigger1001:OnSetPoint(ETypeData)
Steamworks.DispatchDelegate:Invoke(T)
EventsData:Call(ETypeData)
EventsMgr:EmitEvents(String, ETypeData)
EventsMgr:Emit(String, ETypeData)
UnityEngine.LowLevel.UpdateFunction:Invoke()
UnitActionBase:Create()
WorldUnitBase:CreateAction(UnitActionBase, Boolean)
UnitActionBase:Create()
WorldUnitBase:CreateAction(UnitActionBase, Boolean)
<>c__DisplayClass84_1:<MovePlayerPosi>b__2()
UnityEngine.OnOverrideControllerDirtyCallback:Invoke()
DG.Tweening.Tween:OnTweenCallback(TweenCallback)
DG.Tweening.Tween:DoGoto(Tween, Single, Int32, UpdateMode)
DG.Tweening.Core.TweenManager:Update(UpdateType, Single, Single)
DG.Tweening.Core.DOTweenComponent:Update()
 
(Filename: C:\buildslave\unity\build\Runtime/Export/Debug/Debug.bindings.h Line: 35)

进入副本：4707，等级：14
UnityEngine.Logger:Log(LogType, Object)
UnityEngine.Debug:Log(Object)
WorldBattleMgr:IntoBattleInit(Vector2Int, MonstData, WorldBattleData)
WorldBattleMgr:IntoBattle(Vector2Int, MonstData, Action, WorldBattleData)
WorldBattleMgr:IntoBattle(MonstData, Action, WorldBattleData)
DramaFunctionTool:IntoDungeon(String[])
DramaFunctionTool:OptionsFunction(String, DramaFunctionData)
<>c__DisplayClass2_0:<OnSetPoint>b__0()
UnityEngine.LowLevel.UpdateFunction:Invoke()
UICustomDramaBase:<Init>b__8_0(ConfDramaOptionsItem)
Steamworks.DispatchDelegate:Invoke(T)
<>c__DisplayClass10_0:<CreateOptions>b__1()
UnityEngine.LowLevel.UpdateFunction:Invoke()
<>c__DisplayClass10_0:<CreateOptions>b__0()
UnityEngine.LowLevel.UpdateFunction:Invoke()
UnityEngine.Events.InvokableCall:Invoke()
UnityEngine.Events.UnityEvent:Invoke()
ICSharpCode.SharpZipLib.Core.ProgressHandler:Invoke(Object, ProgressEventArgs)
UnityEngine.EventSystems.ExecuteEvents:Execute(GameObject, BaseEventData, EventFunction`1)
UnityEngine.EventSystems.StandaloneInputModule:ReleaseMouse(PointerEventData, GameObject)
UnityEngine.EventSystems.StandaloneInputModule:ProcessMousePress(MouseButtonEventData)
UnityEngine.EventSystems.StandaloneInputModule:ProcessMouseEvent(Int32)
UnityEngine.EventSystems.StandaloneInputModule:Process()
UnityEngine.EventSystems.EventSystem:Update()
 
(Filename: C:\buildslave\unity\build\Runtime/Export/Debug/Debug.bindings.h Line: 35)

Unloading 3 Unused Serialized files (Serialized files now loaded: 0)
UnloadTime: 15.572600 ms

Unloading 5356 unused Assets to reduce memory usage. Loaded Objects now: 5913.
Total: 458.379000 ms (FindLiveObjects: 1.039400 ms CreateObjectMapping: 0.258700 ms MarkObjects: 453.946200 ms  DeleteObjects: 3.134500 ms)

Curl error 52: Empty reply from server
 
(Filename:  Line: 813)

4707 战斗结束：True
UnityEngine.Logger:Log(LogType, Object)
UnityEngine.Debug:Log(Object)
UIBattleEnd:InitData(Boolean)
UnityEngine.LowLevel.UpdateFunction:Invoke()
<ITime>d__8:MoveNext()
UnityEngine.SetupCoroutine:InvokeMoveNext(IEnumerator, IntPtr)
 
(Filename: C:\buildslave\unity\build\Runtime/Export/Debug/Debug.bindings.h Line: 35)

Unloading 3 Unused Serialized files (Serialized files now loaded: 0)
UnloadTime: 18.492900 ms

Unloading 6121 unused Assets to reduce memory usage. Loaded Objects now: 5925.
Total: 517.011000 ms (FindLiveObjects: 1.008500 ms CreateObjectMapping: 0.362600 ms MarkObjects: 507.363500 ms  DeleteObjects: 8.276100 ms)

Curl error 52: Empty reply from server
 
(Filename:  Line: 813)

华冬镇东南方的残破锁灵阵,198,0,areaBaseID:4,decorateID:3201,isOrigi：False
UnityEngine.Logger:Log(LogType, Object)
UnityEngine.Debug:Log(Object)
MapWorldMgr:SelectPosi(Vector2Int)
MapWorldMgr:OnUpdate()
UnityEngine.LowLevel.UpdateFunction:Invoke()
<>c__DisplayClass12_1:<IFrame>b__0()
ReturnAction`1:Invoke()
UnityEngine.WaitUntil:get_keepWaiting()
UnityEngine.SetupCoroutine:InvokeMoveNext(IEnumerator, IntPtr)
 
(Filename: C:\buildslave\unity\build\Runtime/Export/Debug/Debug.bindings.h Line: 35)

建筑ID：uFQfYK
UnityEngine.Logger:Log(LogType, Object)
UnityEngine.Debug:Log(Object)
<>c__DisplayClass15_0:<OpenGridClickInfo>b__0()
UnityEngine.LowLevel.UpdateFunction:Invoke()
<>c__DisplayClass12_1:<IFrame>b__0()
ReturnAction`1:Invoke()
UnityEngine.WaitUntil:get_keepWaiting()
UnityEngine.SetupCoroutine:InvokeMoveNext(IEnumerator, IntPtr)
 
(Filename: C:\buildslave\unity\build\Runtime/Export/Debug/Debug.bindings.h Line: 35)

剧情ID:23601
UnityEngine.Logger:Log(LogType, Object)
UnityEngine.Debug:Log(Object)
DramaTool:OpenDramaInID(Int32, DramaData)
DramaTool:OpenDrama(Int32, DramaData)
UICustomDramaBase:OpenUI()
MapBuild10007:OpenBuild()
<>c__DisplayClass15_0:<OpenGridClickInfo>b__0()
UnityEngine.LowLevel.UpdateFunction:Invoke()
<>c__DisplayClass12_1:<IFrame>b__0()
ReturnAction`1:Invoke()
UnityEngine.WaitUntil:get_keepWaiting()
UnityEngine.SetupCoroutine:InvokeMoveNext(IEnumerator, IntPtr)
 
(Filename: C:\buildslave\unity\build\Runtime/Export/Debug/Debug.bindings.h Line: 35)

建筑ID：Fu4tdo
UnityEngine.Logger:Log(LogType, Object)
UnityEngine.Debug:Log(Object)
<>c__DisplayClass15_0:<OpenGridClickInfo>b__0()
UnityEngine.LowLevel.UpdateFunction:Invoke()
<>c__DisplayClass12_1:<IFrame>b__0()
ReturnAction`1:Invoke()
UnityEngine.WaitUntil:get_keepWaiting()
UnityEngine.SetupCoroutine:InvokeMoveNext(IEnumerator, IntPtr)
 
(Filename: C:\buildslave\unity\build\Runtime/Export/Debug/Debug.bindings.h Line: 35)

剧情ID:23401
UnityEngine.Logger:Log(LogType, Object)
UnityEngine.Debug:Log(Object)
DramaTool:OpenDramaInID(Int32, DramaData)
DramaTool:OpenDrama(Int32, DramaData)
UICustomDramaBase:OpenUI()
UICustomDramaDyn:OpenDrameUI(Int32, WorldUnitBase, Action, DramaData)
WorldSpecialMonstTrigger1001:OnSetPoint(ETypeData)
Steamworks.DispatchDelegate:Invoke(T)
EventsData:Call(ETypeData)
EventsMgr:EmitEvents(String, ETypeData)
EventsMgr:Emit(String, ETypeData)
UnityEngine.LowLevel.UpdateFunction:Invoke()
UnitActionBase:Create()
WorldUnitBase:CreateAction(UnitActionBase, Boolean)
UnitActionBase:Create()
WorldUnitBase:CreateAction(UnitActionBase, Boolean)
<>c__DisplayClass84_1:<MovePlayerPosi>b__2()
UnityEngine.OnOverrideControllerDirtyCallback:Invoke()
DG.Tweening.Tween:OnTweenCallback(TweenCallback)
DG.Tweening.Tween:DoGoto(Tween, Single, Int32, UpdateMode)
DG.Tweening.Core.TweenManager:Update(UpdateType, Single, Single)
DG.Tweening.Core.DOTweenComponent:Update()
 
(Filename: C:\buildslave\unity\build\Runtime/Export/Debug/Debug.bindings.h Line: 35)

进入副本：4708，等级：14
UnityEngine.Logger:Log(LogType, Object)
UnityEngine.Debug:Log(Object)
WorldBattleMgr:IntoBattleInit(Vector2Int, MonstData, WorldBattleData)
WorldBattleMgr:IntoBattle(Vector2Int, MonstData, Action, WorldBattleData)
WorldBattleMgr:IntoBattle(MonstData, Action, WorldBattleData)
DramaFunctionTool:IntoDungeon(String[])
DramaFunctionTool:OptionsFunction(String, DramaFunctionData)
<>c__DisplayClass2_0:<OnSetPoint>b__0()
UnityEngine.LowLevel.UpdateFunction:Invoke()
UICustomDramaBase:<Init>b__8_0(ConfDramaOptionsItem)
Steamworks.DispatchDelegate:Invoke(T)
<>c__DisplayClass10_0:<CreateOptions>b__1()
UnityEngine.LowLevel.UpdateFunction:Invoke()
<>c__DisplayClass10_0:<CreateOptions>b__0()
UnityEngine.LowLevel.UpdateFunction:Invoke()
UnityEngine.Events.InvokableCall:Invoke()
UnityEngine.Events.UnityEvent:Invoke()
ICSharpCode.SharpZipLib.Core.ProgressHandler:Invoke(Object, ProgressEventArgs)
UnityEngine.EventSystems.ExecuteEvents:Execute(GameObject, BaseEventData, EventFunction`1)
UnityEngine.EventSystems.StandaloneInputModule:ReleaseMouse(PointerEventData, GameObject)
UnityEngine.EventSystems.StandaloneInputModule:ProcessMousePress(MouseButtonEventData)
UnityEngine.EventSystems.StandaloneInputModule:ProcessMouseEvent(Int32)
UnityEngine.EventSystems.StandaloneInputModule:Process()
UnityEngine.EventSystems.EventSystem:Update()
 
(Filename: C:\buildslave\unity\build\Runtime/Export/Debug/Debug.bindings.h Line: 35)

Unloading 3 Unused Serialized files (Serialized files now loaded: 0)
UnloadTime: 19.975900 ms

Unloading 8067 unused Assets to reduce memory usage. Loaded Objects now: 6039.
Total: 530.998000 ms (FindLiveObjects: 1.362900 ms CreateObjectMapping: 0.491700 ms MarkObjects: 523.031400 ms  DeleteObjects: 6.111900 ms)

Curl error 52: Empty reply from server
 
(Filename:  Line: 813)

4708 战斗结束：True
UnityEngine.Logger:Log(LogType, Object)
UnityEngine.Debug:Log(Object)
UIBattleEnd:InitData(Boolean)
UnityEngine.LowLevel.UpdateFunction:Invoke()
<ITime>d__8:MoveNext()
UnityEngine.SetupCoroutine:InvokeMoveNext(IEnumerator, IntPtr)
 
(Filename: C:\buildslave\unity\build\Runtime/Export/Debug/Debug.bindings.h Line: 35)

Unloading 3 Unused Serialized files (Serialized files now loaded: 0)
UnloadTime: 12.363400 ms

Unloading 5880 unused Assets to reduce memory usage. Loaded Objects now: 6061.
Total: 506.395100 ms (FindLiveObjects: 0.975700 ms CreateObjectMapping: 0.324800 ms MarkObjects: 498.854200 ms  DeleteObjects: 6.239700 ms)

剧情ID:23401
UnityEngine.Logger:Log(LogType, Object)
UnityEngine.Debug:Log(Object)
DramaTool:OpenDramaInID(Int32, DramaData)
DramaTool:OpenDrama(Int32, DramaData)
UICustomDramaBase:OpenUI()
UICustomDramaDyn:OpenDrameUI(Int32, WorldUnitBase, Action, DramaData)
WorldSpecialMonstTrigger1001:OnSetPoint(ETypeData)
Steamworks.DispatchDelegate:Invoke(T)
EventsData:Call(ETypeData)
EventsMgr:EmitEvents(String, ETypeData)
EventsMgr:Emit(String, ETypeData)
UnityEngine.LowLevel.UpdateFunction:Invoke()
UnitActionBase:Create()
WorldUnitBase:CreateAction(UnitActionBase, Boolean)
UnitActionBase:Create()
WorldUnitBase:CreateAction(UnitActionBase, Boolean)
<>c__DisplayClass84_1:<MovePlayerPosi>b__2()
UnityEngine.OnOverrideControllerDirtyCallback:Invoke()
DG.Tweening.Tween:OnTweenCallback(TweenCallback)
DG.Tweening.Tween:DoGoto(Tween, Single, Int32, UpdateMode)
DG.Tweening.Core.TweenManager:Update(UpdateType, Single, Single)
DG.Tweening.Core.DOTweenComponent:Update()
 
(Filename: C:\buildslave\unity\build\Runtime/Export/Debug/Debug.bindings.h Line: 35)

进入副本：4708，等级：14
UnityEngine.Logger:Log(LogType, Object)
UnityEngine.Debug:Log(Object)
WorldBattleMgr:IntoBattleInit(Vector2Int, MonstData, WorldBattleData)
WorldBattleMgr:IntoBattle(Vector2Int, MonstData, Action, WorldBattleData)
WorldBattleMgr:IntoBattle(MonstData, Action, WorldBattleData)
DramaFunctionTool:IntoDungeon(String[])
DramaFunctionTool:OptionsFunction(String, DramaFunctionData)
<>c__DisplayClass2_0:<OnSetPoint>b__0()
UnityEngine.LowLevel.UpdateFunction:Invoke()
UICustomDramaBase:<Init>b__8_0(ConfDramaOptionsItem)
Steamworks.DispatchDelegate:Invoke(T)
<>c__DisplayClass10_0:<CreateOptions>b__1()
UnityEngine.LowLevel.UpdateFunction:Invoke()
<>c__DisplayClass10_0:<CreateOptions>b__0()
UnityEngine.LowLevel.UpdateFunction:Invoke()
UnityEngine.Events.InvokableCall:Invoke()
UnityEngine.Events.UnityEvent:Invoke()
ICSharpCode.SharpZipLib.Core.ProgressHandler:Invoke(Object, ProgressEventArgs)
UnityEngine.EventSystems.ExecuteEvents:Execute(GameObject, BaseEventData, EventFunction`1)
UnityEngine.EventSystems.StandaloneInputModule:ReleaseMouse(PointerEventData, GameObject)
UnityEngine.EventSystems.StandaloneInputModule:ProcessMousePress(MouseButtonEventData)
UnityEngine.EventSystems.StandaloneInputModule:ProcessMouseEvent(Int32)
UnityEngine.EventSystems.StandaloneInputModule:Process()
UnityEngine.EventSystems.EventSystem:Update()
 
(Filename: C:\buildslave\unity\build\Runtime/Export/Debug/Debug.bindings.h Line: 35)

Curl error 52: Empty reply from server
 
(Filename:  Line: 813)

Unloading 3 Unused Serialized files (Serialized files now loaded: 0)
UnloadTime: 19.608200 ms

Unloading 5556 unused Assets to reduce memory usage. Loaded Objects now: 6066.
Total: 511.882900 ms (FindLiveObjects: 0.964700 ms CreateObjectMapping: 0.285600 ms MarkObjects: 507.389300 ms  DeleteObjects: 3.242800 ms)

4708 战斗结束：True
UnityEngine.Logger:Log(LogType, Object)
UnityEngine.Debug:Log(Object)
UIBattleEnd:InitData(Boolean)
UnityEngine.LowLevel.UpdateFunction:Invoke()
<ITime>d__8:MoveNext()
UnityEngine.SetupCoroutine:InvokeMoveNext(IEnumerator, IntPtr)
 
(Filename: C:\buildslave\unity\build\Runtime/Export/Debug/Debug.bindings.h Line: 35)

Unloading 3 Unused Serialized files (Serialized files now loaded: 0)
UnloadTime: 16.522700 ms

Unloading 5903 unused Assets to reduce memory usage. Loaded Objects now: 6069.
Total: 549.595900 ms (FindLiveObjects: 1.099100 ms CreateObjectMapping: 0.468400 ms MarkObjects: 541.567000 ms  DeleteObjects: 6.461200 ms)

剧情ID:23401
UnityEngine.Logger:Log(LogType, Object)
UnityEngine.Debug:Log(Object)
DramaTool:OpenDramaInID(Int32, DramaData)
DramaTool:OpenDrama(Int32, DramaData)
UICustomDramaBase:OpenUI()
UICustomDramaDyn:OpenDrameUI(Int32, WorldUnitBase, Action, DramaData)
WorldSpecialMonstTrigger1001:OnSetPoint(ETypeData)
Steamworks.DispatchDelegate:Invoke(T)
EventsData:Call(ETypeData)
EventsMgr:EmitEvents(String, ETypeData)
EventsMgr:Emit(String, ETypeData)
UnityEngine.LowLevel.UpdateFunction:Invoke()
UnitActionBase:Create()
WorldUnitBase:CreateAction(UnitActionBase, Boolean)
UnitActionBase:Create()
WorldUnitBase:CreateAction(UnitActionBase, Boolean)
<>c__DisplayClass84_1:<MovePlayerPosi>b__2()
UnityEngine.OnOverrideControllerDirtyCallback:Invoke()
DG.Tweening.Tween:OnTweenCallback(TweenCallback)
DG.Tweening.Tween:DoGoto(Tween, Single, Int32, UpdateMode)
DG.Tweening.Core.TweenManager:Update(UpdateType, Single, Single)
DG.Tweening.Core.DOTweenComponent:Update()
 
(Filename: C:\buildslave\unity\build\Runtime/Export/Debug/Debug.bindings.h Line: 35)

进入副本：4708，等级：14
UnityEngine.Logger:Log(LogType, Object)
UnityEngine.Debug:Log(Object)
WorldBattleMgr:IntoBattleInit(Vector2Int, MonstData, WorldBattleData)
WorldBattleMgr:IntoBattle(Vector2Int, MonstData, Action, WorldBattleData)
WorldBattleMgr:IntoBattle(MonstData, Action, WorldBattleData)
DramaFunctionTool:IntoDungeon(String[])
DramaFunctionTool:OptionsFunction(String, DramaFunctionData)
<>c__DisplayClass2_0:<OnSetPoint>b__0()
UnityEngine.LowLevel.UpdateFunction:Invoke()
UICustomDramaBase:<Init>b__8_0(ConfDramaOptionsItem)
Steamworks.DispatchDelegate:Invoke(T)
<>c__DisplayClass10_0:<CreateOptions>b__1()
UnityEngine.LowLevel.UpdateFunction:Invoke()
<>c__DisplayClass10_0:<CreateOptions>b__0()
UnityEngine.LowLevel.UpdateFunction:Invoke()
UnityEngine.Events.InvokableCall:Invoke()
UnityEngine.Events.UnityEvent:Invoke()
ICSharpCode.SharpZipLib.Core.ProgressHandler:Invoke(Object, ProgressEventArgs)
UnityEngine.EventSystems.ExecuteEvents:Execute(GameObject, BaseEventData, EventFunction`1)
UnityEngine.EventSystems.StandaloneInputModule:ReleaseMouse(PointerEventData, GameObject)
UnityEngine.EventSystems.StandaloneInputModule:ProcessMousePress(MouseButtonEventData)
UnityEngine.EventSystems.StandaloneInputModule:ProcessMouseEvent(Int32)
UnityEngine.EventSystems.StandaloneInputModule:Process()
UnityEngine.EventSystems.EventSystem:Update()
 
(Filename: C:\buildslave\unity\build\Runtime/Export/Debug/Debug.bindings.h Line: 35)

Curl error 52: Empty reply from server
 
(Filename:  Line: 813)

Unloading 3 Unused Serialized files (Serialized files now loaded: 0)
UnloadTime: 16.900600 ms

Unloading 5356 unused Assets to reduce memory usage. Loaded Objects now: 6074.
Total: 510.403000 ms (FindLiveObjects: 0.982600 ms CreateObjectMapping: 0.286700 ms MarkObjects: 506.013500 ms  DeleteObjects: 3.119300 ms)

Curl error 52: Empty reply from server
 
(Filename:  Line: 813)

4708 战斗结束：True
UnityEngine.Logger:Log(LogType, Object)
UnityEngine.Debug:Log(Object)
UIBattleEnd:InitData(Boolean)
UnityEngine.LowLevel.UpdateFunction:Invoke()
<ITime>d__8:MoveNext()
UnityEngine.SetupCoroutine:InvokeMoveNext(IEnumerator, IntPtr)
 
(Filename: C:\buildslave\unity\build\Runtime/Export/Debug/Debug.bindings.h Line: 35)

Unloading 3 Unused Serialized files (Serialized files now loaded: 0)
UnloadTime: 14.123500 ms

Unloading 5956 unused Assets to reduce memory usage. Loaded Objects now: 6077.
Total: 541.026600 ms (FindLiveObjects: 0.999100 ms CreateObjectMapping: 0.313500 ms MarkObjects: 532.990400 ms  DeleteObjects: 6.723100 ms)

剧情ID:23401
UnityEngine.Logger:Log(LogType, Object)
UnityEngine.Debug:Log(Object)
DramaTool:OpenDramaInID(Int32, DramaData)
DramaTool:OpenDrama(Int32, DramaData)
UICustomDramaBase:OpenUI()
UICustomDramaDyn:OpenDrameUI(Int32, WorldUnitBase, Action, DramaData)
WorldSpecialMonstTrigger1001:OnSetPoint(ETypeData)
Steamworks.DispatchDelegate:Invoke(T)
EventsData:Call(ETypeData)
EventsMgr:EmitEvents(String, ETypeData)
EventsMgr:Emit(String, ETypeData)
UnityEngine.LowLevel.UpdateFunction:Invoke()
UnitActionBase:Create()
WorldUnitBase:CreateAction(UnitActionBase, Boolean)
UnitActionBase:Create()
WorldUnitBase:CreateAction(UnitActionBase, Boolean)
<>c__DisplayClass84_1:<MovePlayerPosi>b__2()
UnityEngine.OnOverrideControllerDirtyCallback:Invoke()
DG.Tweening.Tween:OnTweenCallback(TweenCallback)
DG.Tweening.Tween:DoGoto(Tween, Single, Int32, UpdateMode)
DG.Tweening.Core.TweenManager:Update(UpdateType, Single, Single)
DG.Tweening.Core.DOTweenComponent:Update()
 
(Filename: C:\buildslave\unity\build\Runtime/Export/Debug/Debug.bindings.h Line: 35)

进入副本：4708，等级：14
UnityEngine.Logger:Log(LogType, Object)
UnityEngine.Debug:Log(Object)
WorldBattleMgr:IntoBattleInit(Vector2Int, MonstData, WorldBattleData)
WorldBattleMgr:IntoBattle(Vector2Int, MonstData, Action, WorldBattleData)
WorldBattleMgr:IntoBattle(MonstData, Action, WorldBattleData)
DramaFunctionTool:IntoDungeon(String[])
DramaFunctionTool:OptionsFunction(String, DramaFunctionData)
<>c__DisplayClass2_0:<OnSetPoint>b__0()
UnityEngine.LowLevel.UpdateFunction:Invoke()
UICustomDramaBase:<Init>b__8_0(ConfDramaOptionsItem)
Steamworks.DispatchDelegate:Invoke(T)
<>c__DisplayClass10_0:<CreateOptions>b__1()
UnityEngine.LowLevel.UpdateFunction:Invoke()
<>c__DisplayClass10_0:<CreateOptions>b__0()
UnityEngine.LowLevel.UpdateFunction:Invoke()
UnityEngine.Events.InvokableCall:Invoke()
UnityEngine.Events.UnityEvent:Invoke()
ICSharpCode.SharpZipLib.Core.ProgressHandler:Invoke(Object, ProgressEventArgs)
UnityEngine.EventSystems.ExecuteEvents:Execute(GameObject, BaseEventData, EventFunction`1)
UnityEngine.EventSystems.StandaloneInputModule:ReleaseMouse(PointerEventData, GameObject)
UnityEngine.EventSystems.StandaloneInputModule:ProcessMousePress(MouseButtonEventData)
UnityEngine.EventSystems.StandaloneInputModule:ProcessMouseEvent(Int32)
UnityEngine.EventSystems.StandaloneInputModule:Process()
UnityEngine.EventSystems.EventSystem:Update()
 
(Filename: C:\buildslave\unity\build\Runtime/Export/Debug/Debug.bindings.h Line: 35)

Curl error 52: Empty reply from server
 
(Filename:  Line: 813)

Unloading 3 Unused Serialized files (Serialized files now loaded: 0)
UnloadTime: 16.458600 ms

Unloading 6096 unused Assets to reduce memory usage. Loaded Objects now: 6082.
Total: 548.183700 ms (FindLiveObjects: 1.113700 ms CreateObjectMapping: 0.318600 ms MarkObjects: 542.390000 ms  DeleteObjects: 4.361000 ms)

Curl error 52: Empty reply from server
 
(Filename:  Line: 813)

4708 战斗结束：True
UnityEngine.Logger:Log(LogType, Object)
UnityEngine.Debug:Log(Object)
UIBattleEnd:InitData(Boolean)
UnityEngine.LowLevel.UpdateFunction:Invoke()
<ITime>d__8:MoveNext()
UnityEngine.SetupCoroutine:InvokeMoveNext(IEnumerator, IntPtr)
 
(Filename: C:\buildslave\unity\build\Runtime/Export/Debug/Debug.bindings.h Line: 35)

Unloading 3 Unused Serialized files (Serialized files now loaded: 0)
UnloadTime: 17.663100 ms

Unloading 6303 unused Assets to reduce memory usage. Loaded Objects now: 6088.
Total: 613.416600 ms (FindLiveObjects: 0.996100 ms CreateObjectMapping: 0.329500 ms MarkObjects: 605.196600 ms  DeleteObjects: 6.894200 ms)

剧情ID:23401
UnityEngine.Logger:Log(LogType, Object)
UnityEngine.Debug:Log(Object)
DramaTool:OpenDramaInID(Int32, DramaData)
DramaTool:OpenDrama(Int32, DramaData)
UICustomDramaBase:OpenUI()
UICustomDramaDyn:OpenDrameUI(Int32, WorldUnitBase, Action, DramaData)
WorldSpecialMonstTrigger1001:OnSetPoint(ETypeData)
Steamworks.DispatchDelegate:Invoke(T)
EventsData:Call(ETypeData)
EventsMgr:EmitEvents(String, ETypeData)
EventsMgr:Emit(String, ETypeData)
UnityEngine.LowLevel.UpdateFunction:Invoke()
UnitActionBase:Create()
WorldUnitBase:CreateAction(UnitActionBase, Boolean)
UnitActionBase:Create()
WorldUnitBase:CreateAction(UnitActionBase, Boolean)
<>c__DisplayClass84_1:<MovePlayerPosi>b__2()
UnityEngine.OnOverrideControllerDirtyCallback:Invoke()
DG.Tweening.Tween:OnTweenCallback(TweenCallback)
DG.Tweening.Tween:DoGoto(Tween, Single, Int32, UpdateMode)
DG.Tweening.Core.TweenManager:Update(UpdateType, Single, Single)
DG.Tweening.Core.DOTweenComponent:Update()
 
(Filename: C:\buildslave\unity\build\Runtime/Export/Debug/Debug.bindings.h Line: 35)

进入副本：4708，等级：14
UnityEngine.Logger:Log(LogType, Object)
UnityEngine.Debug:Log(Object)
WorldBattleMgr:IntoBattleInit(Vector2Int, MonstData, WorldBattleData)
WorldBattleMgr:IntoBattle(Vector2Int, MonstData, Action, WorldBattleData)
WorldBattleMgr:IntoBattle(MonstData, Action, WorldBattleData)
DramaFunctionTool:IntoDungeon(String[])
DramaFunctionTool:OptionsFunction(String, DramaFunctionData)
<>c__DisplayClass2_0:<OnSetPoint>b__0()
UnityEngine.LowLevel.UpdateFunction:Invoke()
UICustomDramaBase:<Init>b__8_0(ConfDramaOptionsItem)
Steamworks.DispatchDelegate:Invoke(T)
<>c__DisplayClass10_0:<CreateOptions>b__1()
UnityEngine.LowLevel.UpdateFunction:Invoke()
<>c__DisplayClass10_0:<CreateOptions>b__0()
UnityEngine.LowLevel.UpdateFunction:Invoke()
UnityEngine.Events.InvokableCall:Invoke()
UnityEngine.Events.UnityEvent:Invoke()
ICSharpCode.SharpZipLib.Core.ProgressHandler:Invoke(Object, ProgressEventArgs)
UnityEngine.EventSystems.ExecuteEvents:Execute(GameObject, BaseEventData, EventFunction`1)
UnityEngine.EventSystems.StandaloneInputModule:ReleaseMouse(PointerEventData, GameObject)
UnityEngine.EventSystems.StandaloneInputModule:ProcessMousePress(MouseButtonEventData)
UnityEngine.EventSystems.StandaloneInputModule:ProcessMouseEvent(Int32)
UnityEngine.EventSystems.StandaloneInputModule:Process()
UnityEngine.EventSystems.EventSystem:Update()
 
(Filename: C:\buildslave\unity\build\Runtime/Export/Debug/Debug.bindings.h Line: 35)

Unloading 3 Unused Serialized files (Serialized files now loaded: 0)
UnloadTime: 15.878000 ms

Unloading 5355 unused Assets to reduce memory usage. Loaded Objects now: 6093.
Total: 567.554800 ms (FindLiveObjects: 0.981600 ms CreateObjectMapping: 0.302400 ms MarkObjects: 562.724900 ms  DeleteObjects: 3.545400 ms)

4708 战斗结束：True
UnityEngine.Logger:Log(LogType, Object)
UnityEngine.Debug:Log(Object)
UIBattleEnd:InitData(Boolean)
UnityEngine.LowLevel.UpdateFunction:Invoke()
<ITime>d__8:MoveNext()
UnityEngine.SetupCoroutine:InvokeMoveNext(IEnumerator, IntPtr)
 
(Filename: C:\buildslave\unity\build\Runtime/Export/Debug/Debug.bindings.h Line: 35)

Unloading 3 Unused Serialized files (Serialized files now loaded: 0)
UnloadTime: 18.938500 ms

Unloading 5581 unused Assets to reduce memory usage. Loaded Objects now: 6096.
Total: 579.138000 ms (FindLiveObjects: 1.011000 ms CreateObjectMapping: 0.323100 ms MarkObjects: 571.862700 ms  DeleteObjects: 5.940900 ms)

剧情ID:23401
UnityEngine.Logger:Log(LogType, Object)
UnityEngine.Debug:Log(Object)
DramaTool:OpenDramaInID(Int32, DramaData)
DramaTool:OpenDrama(Int32, DramaData)
UICustomDramaBase:OpenUI()
UICustomDramaDyn:OpenDrameUI(Int32, WorldUnitBase, Action, DramaData)
WorldSpecialMonstTrigger1001:OnSetPoint(ETypeData)
Steamworks.DispatchDelegate:Invoke(T)
EventsData:Call(ETypeData)
EventsMgr:EmitEvents(String, ETypeData)
EventsMgr:Emit(String, ETypeData)
UnityEngine.LowLevel.UpdateFunction:Invoke()
UnitActionBase:Create()
WorldUnitBase:CreateAction(UnitActionBase, Boolean)
UnitActionBase:Create()
WorldUnitBase:CreateAction(UnitActionBase, Boolean)
<>c__DisplayClass84_1:<MovePlayerPosi>b__2()
UnityEngine.OnOverrideControllerDirtyCallback:Invoke()
DG.Tweening.Tween:OnTweenCallback(TweenCallback)
DG.Tweening.Tween:DoGoto(Tween, Single, Int32, UpdateMode)
DG.Tweening.Core.TweenManager:Update(UpdateType, Single, Single)
DG.Tweening.Core.DOTweenComponent:Update()
 
(Filename: C:\buildslave\unity\build\Runtime/Export/Debug/Debug.bindings.h Line: 35)

进入副本：4708，等级：14
UnityEngine.Logger:Log(LogType, Object)
UnityEngine.Debug:Log(Object)
WorldBattleMgr:IntoBattleInit(Vector2Int, MonstData, WorldBattleData)
WorldBattleMgr:IntoBattle(Vector2Int, MonstData, Action, WorldBattleData)
WorldBattleMgr:IntoBattle(MonstData, Action, WorldBattleData)
DramaFunctionTool:IntoDungeon(String[])
DramaFunctionTool:OptionsFunction(String, DramaFunctionData)
<>c__DisplayClass2_0:<OnSetPoint>b__0()
UnityEngine.LowLevel.UpdateFunction:Invoke()
UICustomDramaBase:<Init>b__8_0(ConfDramaOptionsItem)
Steamworks.DispatchDelegate:Invoke(T)
<>c__DisplayClass10_0:<CreateOptions>b__1()
UnityEngine.LowLevel.UpdateFunction:Invoke()
<>c__DisplayClass10_0:<CreateOptions>b__0()
UnityEngine.LowLevel.UpdateFunction:Invoke()
UnityEngine.Events.InvokableCall:Invoke()
UnityEngine.Events.UnityEvent:Invoke()
ICSharpCode.SharpZipLib.Core.ProgressHandler:Invoke(Object, ProgressEventArgs)
UnityEngine.EventSystems.ExecuteEvents:Execute(GameObject, BaseEventData, EventFunction`1)
UnityEngine.EventSystems.StandaloneInputModule:ReleaseMouse(PointerEventData, GameObject)
UnityEngine.EventSystems.StandaloneInputModule:ProcessMousePress(MouseButtonEventData)
UnityEngine.EventSystems.StandaloneInputModule:ProcessMouseEvent(Int32)
UnityEngine.EventSystems.StandaloneInputModule:Process()
UnityEngine.EventSystems.EventSystem:Update()
 
(Filename: C:\buildslave\unity\build\Runtime/Export/Debug/Debug.bindings.h Line: 35)

Curl error 52: Empty reply from server
 
(Filename:  Line: 813)

Unloading 3 Unused Serialized files (Serialized files now loaded: 0)
UnloadTime: 16.979800 ms

Unloading 9231 unused Assets to reduce memory usage. Loaded Objects now: 6147.
Total: 603.796300 ms (FindLiveObjects: 1.027800 ms CreateObjectMapping: 0.384600 ms MarkObjects: 596.622000 ms  DeleteObjects: 5.761500 ms)

Curl error 52: Empty reply from server
 
(Filename:  Line: 813)

4708 战斗结束：True
UnityEngine.Logger:Log(LogType, Object)
UnityEngine.Debug:Log(Object)
UIBattleEnd:InitData(Boolean)
UnityEngine.LowLevel.UpdateFunction:Invoke()
<ITime>d__8:MoveNext()
UnityEngine.SetupCoroutine:InvokeMoveNext(IEnumerator, IntPtr)
 
(Filename: C:\buildslave\unity\build\Runtime/Export/Debug/Debug.bindings.h Line: 35)

Unloading 3 Unused Serialized files (Serialized files now loaded: 0)
UnloadTime: 18.658500 ms

Unloading 5651 unused Assets to reduce memory usage. Loaded Objects now: 6150.
Total: 622.748700 ms (FindLiveObjects: 1.144800 ms CreateObjectMapping: 0.337400 ms MarkObjects: 615.112300 ms  DeleteObjects: 6.153900 ms)

建筑ID：Q29o7y
UnityEngine.Logger:Log(LogType, Object)
UnityEngine.Debug:Log(Object)
<>c__DisplayClass15_0:<OpenGridClickInfo>b__0()
UnityEngine.LowLevel.UpdateFunction:Invoke()
<>c__DisplayClass12_1:<IFrame>b__0()
ReturnAction`1:Invoke()
UnityEngine.WaitUntil:get_keepWaiting()
UnityEngine.SetupCoroutine:InvokeMoveNext(IEnumerator, IntPtr)
 
(Filename: C:\buildslave\unity\build\Runtime/Export/Debug/Debug.bindings.h Line: 35)

qjiR9Z (183, 17)
UnityEngine.Logger:Log(LogType, Object)
UnityEngine.Debug:Log(Object)
UINPCInfo:InitData(WorldUnitBase, Boolean)
UnityEngine.LowLevel.UpdateFunction:Invoke()
UnityEngine.Events.InvokableCall:Invoke()
UnityEngine.Events.UnityEvent:Invoke()
ICSharpCode.SharpZipLib.Core.ProgressHandler:Invoke(Object, ProgressEventArgs)
UnityEngine.EventSystems.ExecuteEvents:Execute(GameObject, BaseEventData, EventFunction`1)
UnityEngine.EventSystems.StandaloneInputModule:ReleaseMouse(PointerEventData, GameObject)
UnityEngine.EventSystems.StandaloneInputModule:ProcessMousePress(MouseButtonEventData)
UnityEngine.EventSystems.StandaloneInputModule:ProcessMouseEvent(Int32)
UnityEngine.EventSystems.StandaloneInputModule:Process()
UnityEngine.EventSystems.EventSystem:Update()
 
(Filename: C:\buildslave\unity\build\Runtime/Export/Debug/Debug.bindings.h Line: 35)

ROL8yX (183, 17)
UnityEngine.Logger:Log(LogType, Object)
UnityEngine.Debug:Log(Object)
UINPCInfo:InitData(WorldUnitBase, Boolean)
UnityEngine.LowLevel.UpdateFunction:Invoke()
UnityEngine.Events.InvokableCall:Invoke()
UnityEngine.Events.UnityEvent:Invoke()
ICSharpCode.SharpZipLib.Core.ProgressHandler:Invoke(Object, ProgressEventArgs)
UnityEngine.EventSystems.ExecuteEvents:Execute(GameObject, BaseEventData, EventFunction`1)
UnityEngine.EventSystems.StandaloneInputModule:ReleaseMouse(PointerEventData, GameObject)
UnityEngine.EventSystems.StandaloneInputModule:ProcessMousePress(MouseButtonEventData)
UnityEngine.EventSystems.StandaloneInputModule:ProcessMouseEvent(Int32)
UnityEngine.EventSystems.StandaloneInputModule:Process()
UnityEngine.EventSystems.EventSystem:Update()
 
(Filename: C:\buildslave\unity\build\Runtime/Export/Debug/Debug.bindings.h Line: 35)

剧情ID:23401
UnityEngine.Logger:Log(LogType, Object)
UnityEngine.Debug:Log(Object)
DramaTool:OpenDramaInID(Int32, DramaData)
DramaTool:OpenDrama(Int32, DramaData)
UICustomDramaBase:OpenUI()
UICustomDramaDyn:OpenDrameUI(Int32, WorldUnitBase, Action, DramaData)
WorldSpecialMonstTrigger1001:OnSetPoint(ETypeData)
Steamworks.DispatchDelegate:Invoke(T)
EventsData:Call(ETypeData)
EventsMgr:EmitEvents(String, ETypeData)
EventsMgr:Emit(String, ETypeData)
UnityEngine.LowLevel.UpdateFunction:Invoke()
UnitActionBase:Create()
WorldUnitBase:CreateAction(UnitActionBase, Boolean)
UnitActionBase:Create()
WorldUnitBase:CreateAction(UnitActionBase, Boolean)
<>c__DisplayClass84_1:<MovePlayerPosi>b__2()
UnityEngine.OnOverrideControllerDirtyCallback:Invoke()
DG.Tweening.Tween:OnTweenCallback(TweenCallback)
DG.Tweening.Tween:DoGoto(Tween, Single, Int32, UpdateMode)
DG.Tweening.Core.TweenManager:Update(UpdateType, Single, Single)
DG.Tweening.Core.DOTweenComponent:Update()
 
(Filename: C:\buildslave\unity\build\Runtime/Export/Debug/Debug.bindings.h Line: 35)

进入副本：4709，等级：14
UnityEngine.Logger:Log(LogType, Object)
UnityEngine.Debug:Log(Object)
WorldBattleMgr:IntoBattleInit(Vector2Int, MonstData, WorldBattleData)
WorldBattleMgr:IntoBattle(Vector2Int, MonstData, Action, WorldBattleData)
WorldBattleMgr:IntoBattle(MonstData, Action, WorldBattleData)
DramaFunctionTool:IntoDungeon(String[])
DramaFunctionTool:OptionsFunction(String, DramaFunctionData)
<>c__DisplayClass2_0:<OnSetPoint>b__0()
UnityEngine.LowLevel.UpdateFunction:Invoke()
UICustomDramaBase:<Init>b__8_0(ConfDramaOptionsItem)
Steamworks.DispatchDelegate:Invoke(T)
<>c__DisplayClass10_0:<CreateOptions>b__1()
UnityEngine.LowLevel.UpdateFunction:Invoke()
<>c__DisplayClass10_0:<CreateOptions>b__0()
UnityEngine.LowLevel.UpdateFunction:Invoke()
UnityEngine.Events.InvokableCall:Invoke()
UnityEngine.Events.UnityEvent:Invoke()
ICSharpCode.SharpZipLib.Core.ProgressHandler:Invoke(Object, ProgressEventArgs)
UnityEngine.EventSystems.ExecuteEvents:Execute(GameObject, BaseEventData, EventFunction`1)
UnityEngine.EventSystems.StandaloneInputModule:ReleaseMouse(PointerEventData, GameObject)
UnityEngine.EventSystems.StandaloneInputModule:ProcessMousePress(MouseButtonEventData)
UnityEngine.EventSystems.StandaloneInputModule:ProcessMouseEvent(Int32)
UnityEngine.EventSystems.StandaloneInputModule:Process()
UnityEngine.EventSystems.EventSystem:Update()
 
(Filename: C:\buildslave\unity\build\Runtime/Export/Debug/Debug.bindings.h Line: 35)

Curl error 52: Empty reply from server
 
(Filename:  Line: 813)

Unloading 3 Unused Serialized files (Serialized files now loaded: 0)
UnloadTime: 18.863100 ms

Unloading 11026 unused Assets to reduce memory usage. Loaded Objects now: 6269.
Total: 695.041900 ms (FindLiveObjects: 1.301500 ms CreateObjectMapping: 0.514100 ms MarkObjects: 684.869700 ms  DeleteObjects: 8.356300 ms)

4709 战斗结束：True
UnityEngine.Logger:Log(LogType, Object)
UnityEngine.Debug:Log(Object)
UIBattleEnd:InitData(Boolean)
UnityEngine.LowLevel.UpdateFunction:Invoke()
<ITime>d__8:MoveNext()
UnityEngine.SetupCoroutine:InvokeMoveNext(IEnumerator, IntPtr)
 
(Filename: C:\buildslave\unity\build\Runtime/Export/Debug/Debug.bindings.h Line: 35)

Unloading 3 Unused Serialized files (Serialized files now loaded: 0)
UnloadTime: 15.412000 ms

Unloading 5639 unused Assets to reduce memory usage. Loaded Objects now: 6383.
Total: 669.343300 ms (FindLiveObjects: 1.139000 ms CreateObjectMapping: 0.381700 ms MarkObjects: 662.010300 ms  DeleteObjects: 5.812000 ms)

剧情ID:23601
UnityEngine.Logger:Log(LogType, Object)
UnityEngine.Debug:Log(Object)
DramaTool:OpenDramaInID(Int32, DramaData)
DramaTool:OpenDrama(Int32, DramaData)
UICustomDramaBase:OpenUI()
MapBuild10007:OpenBuild()
<>c__DisplayClass15_0:<OpenGridClickInfo>b__0()
UnityEngine.LowLevel.UpdateFunction:Invoke()
<>c__DisplayClass12_1:<IFrame>b__0()
ReturnAction`1:Invoke()
UnityEngine.WaitUntil:get_keepWaiting()
UnityEngine.SetupCoroutine:InvokeMoveNext(IEnumerator, IntPtr)
 
(Filename: C:\buildslave\unity\build\Runtime/Export/Debug/Debug.bindings.h Line: 35)

建筑ID：dQboNE
UnityEngine.Logger:Log(LogType, Object)
UnityEngine.Debug:Log(Object)
<>c__DisplayClass15_0:<OpenGridClickInfo>b__0()
UnityEngine.LowLevel.UpdateFunction:Invoke()
<>c__DisplayClass12_1:<IFrame>b__0()
ReturnAction`1:Invoke()
UnityEngine.WaitUntil:get_keepWaiting()
UnityEngine.SetupCoroutine:InvokeMoveNext(IEnumerator, IntPtr)
 
(Filename: C:\buildslave\unity\build\Runtime/Export/Debug/Debug.bindings.h Line: 35)

剧情ID:6090051
UnityEngine.Logger:Log(LogType, Object)
UnityEngine.Debug:Log(Object)
DramaTool:OpenDramaInID(Int32, DramaData)
DramaTool:OpenDrama(String, DramaData)
DramaFunctionTool:OptionsFunction(String, DramaFunctionData)
FortuitousTriggerBase:FortuitousTrigger(ConfFortuitousEventItem, DramaFunctionData)
FortuitousTriggerBase:TriggerItem(List`1, UnitConditionData)
FortuitousTriggerBase:TriggerItem(ConfFortuitousEventItem, UnitConditionData)
UnityEngine.LowLevel.UpdateFunction:Invoke()
UnityEngine.LowLevel.UpdateFunction:Invoke()
GuideTriggerCreateAction:OnOneUnitCreateActionBack(ETypeData)
Steamworks.DispatchDelegate:Invoke(T)
EventsData:Call(ETypeData)
EventsMgr:EmitEvents(String, ETypeData)
EventsMgr:Emit(String, ETypeData)
UnitActionBase:<Create>b__10_0()
UnityEngine.LowLevel.UpdateFunction:Invoke()
UnitActionBase:Create()
WorldUnitBase:CreateAction(UnitActionBase, Boolean)
UIMapMainGridInfo:CreateAction(UnitActionBase, ReturnAction`1)
<>c__DisplayClass13_0:<OnAnimaClick>b__0()
UnityEngine.LowLevel.UpdateFunction:Invoke()
UnityEngine.LowLevel.UpdateFunction:Invoke()
<IUnTime>d__10:MoveNext()
UnityEngine.SetupCoroutine:InvokeMoveNext(IEnumerator, IntPtr)
 
(Filename: C:\buildslave\unity\build\Runtime/Export/Debug/Debug.bindings.h Line: 35)

剧情ID:6090053
UnityEngine.Logger:Log(LogType, Object)
UnityEngine.Debug:Log(Object)
DramaTool:OpenDramaInID(Int32, DramaData)
DramaTool:OpenDrama(String, DramaData)
UIDramaBase:NextDialogue(String)
<>c__DisplayClass10_0:<CreateOptions>b__1()
UnityEngine.LowLevel.UpdateFunction:Invoke()
<>c__DisplayClass10_0:<CreateOptions>b__0()
UnityEngine.LowLevel.UpdateFunction:Invoke()
UnityEngine.Events.InvokableCall:Invoke()
UnityEngine.Events.UnityEvent:Invoke()
ICSharpCode.SharpZipLib.Core.ProgressHandler:Invoke(Object, ProgressEventArgs)
UnityEngine.EventSystems.ExecuteEvents:Execute(GameObject, BaseEventData, EventFunction`1)
UnityEngine.EventSystems.StandaloneInputModule:ReleaseMouse(PointerEventData, GameObject)
UnityEngine.EventSystems.StandaloneInputModule:ProcessMousePress(MouseButtonEventData)
UnityEngine.EventSystems.StandaloneInputModule:ProcessMouseEvent(Int32)
UnityEngine.EventSystems.StandaloneInputModule:Process()
UnityEngine.EventSystems.EventSystem:Update()
 
(Filename: C:\buildslave\unity\build\Runtime/Export/Debug/Debug.bindings.h Line: 35)

剧情ID:6090099
UnityEngine.Logger:Log(LogType, Object)
UnityEngine.Debug:Log(Object)
DramaTool:OpenDramaInID(Int32, DramaData)
DramaTool:OpenDrama(String, DramaData)
UIDramaBase:NextDialogue(String)
UIDramaDialogue:OnNextClick()
UnityEngine.LowLevel.UpdateFunction:Invoke()
UnityEngine.Events.InvokableCall:Invoke()
UnityEngine.Events.UnityEvent:Invoke()
ICSharpCode.SharpZipLib.Core.ProgressHandler:Invoke(Object, ProgressEventArgs)
UnityEngine.EventSystems.ExecuteEvents:Execute(GameObject, BaseEventData, EventFunction`1)
UnityEngine.EventSystems.StandaloneInputModule:ReleaseMouse(PointerEventData, GameObject)
UnityEngine.EventSystems.StandaloneInputModule:ProcessMousePress(MouseButtonEventData)
UnityEngine.EventSystems.StandaloneInputModule:ProcessMouseEvent(Int32)
UnityEngine.EventSystems.StandaloneInputModule:Process()
UnityEngine.EventSystems.EventSystem:Update()
 
(Filename: C:\buildslave\unity\build\Runtime/Export/Debug/Debug.bindings.h Line: 35)

剧情ID:22901
UnityEngine.Logger:Log(LogType, Object)
UnityEngine.Debug:Log(Object)
DramaTool:OpenDramaInID(Int32, DramaData)
DramaTool:OpenDrama(Int32, DramaData)
UICustomDramaBase:OpenUI()
MapBuildSchool:OpenBuild()
<>c__DisplayClass15_0:<OpenGridClickInfo>b__0()
UnityEngine.LowLevel.UpdateFunction:Invoke()
<>c__DisplayClass12_1:<IFrame>b__0()
ReturnAction`1:Invoke()
UnityEngine.WaitUntil:get_keepWaiting()
UnityEngine.SetupCoroutine:InvokeMoveNext(IEnumerator, IntPtr)
 
(Filename: C:\buildslave\unity\build\Runtime/Export/Debug/Debug.bindings.h Line: 35)

建筑ID：fpRyT8
UnityEngine.Logger:Log(LogType, Object)
UnityEngine.Debug:Log(Object)
<>c__DisplayClass15_0:<OpenGridClickInfo>b__0()
UnityEngine.LowLevel.UpdateFunction:Invoke()
<>c__DisplayClass12_1:<IFrame>b__0()
ReturnAction`1:Invoke()
UnityEngine.WaitUntil:get_keepWaiting()
UnityEngine.SetupCoroutine:InvokeMoveNext(IEnumerator, IntPtr)
 
(Filename: C:\buildslave\unity\build\Runtime/Export/Debug/Debug.bindings.h Line: 35)

e5apjl (145, 52)
UnityEngine.Logger:Log(LogType, Object)
UnityEngine.Debug:Log(Object)
UINPCInfo:InitData(WorldUnitBase, Boolean)
UnityEngine.LowLevel.UpdateFunction:Invoke()
UnityEngine.Events.InvokableCall:Invoke()
UnityEngine.Events.UnityEvent:Invoke()
ICSharpCode.SharpZipLib.Core.ProgressHandler:Invoke(Object, ProgressEventArgs)
UnityEngine.EventSystems.ExecuteEvents:Execute(GameObject, BaseEventData, EventFunction`1)
UnityEngine.EventSystems.StandaloneInputModule:ReleaseMouse(PointerEventData, GameObject)
UnityEngine.EventSystems.StandaloneInputModule:ProcessMousePress(MouseButtonEventData)
UnityEngine.EventSystems.StandaloneInputModule:ProcessMouseEvent(Int32)
UnityEngine.EventSystems.StandaloneInputModule:Process()
UnityEngine.EventSystems.EventSystem:Update()
 
(Filename: C:\buildslave\unity\build\Runtime/Export/Debug/Debug.bindings.h Line: 35)

QoFyun (145, 52)
UnityEngine.Logger:Log(LogType, Object)
UnityEngine.Debug:Log(Object)
UINPCInfo:InitData(WorldUnitBase, Boolean)
UnityEngine.LowLevel.UpdateFunction:Invoke()
UnityEngine.Events.InvokableCall:Invoke()
UnityEngine.Events.UnityEvent:Invoke()
ICSharpCode.SharpZipLib.Core.ProgressHandler:Invoke(Object, ProgressEventArgs)
UnityEngine.EventSystems.ExecuteEvents:Execute(GameObject, BaseEventData, EventFunction`1)
UnityEngine.EventSystems.StandaloneInputModule:ReleaseMouse(PointerEventData, GameObject)
UnityEngine.EventSystems.StandaloneInputModule:ProcessMousePress(MouseButtonEventData)
UnityEngine.EventSystems.StandaloneInputModule:ProcessMouseEvent(Int32)
UnityEngine.EventSystems.StandaloneInputModule:Process()
UnityEngine.EventSystems.EventSystem:Update()
 
(Filename: C:\buildslave\unity\build\Runtime/Export/Debug/Debug.bindings.h Line: 35)

剧情ID:22901
UnityEngine.Logger:Log(LogType, Object)
UnityEngine.Debug:Log(Object)
DramaTool:OpenDramaInID(Int32, DramaData)
DramaTool:OpenDrama(Int32, DramaData)
UICustomDramaBase:OpenUI()
MapBuildSchool:OpenBuild()
<>c__DisplayClass15_0:<OpenGridClickInfo>b__0()
UnityEngine.LowLevel.UpdateFunction:Invoke()
<>c__DisplayClass12_1:<IFrame>b__0()
ReturnAction`1:Invoke()
UnityEngine.WaitUntil:get_keepWaiting()
UnityEngine.SetupCoroutine:InvokeMoveNext(IEnumerator, IntPtr)
 
(Filename: C:\buildslave\unity\build\Runtime/Export/Debug/Debug.bindings.h Line: 35)

建筑ID：pBqhjh
UnityEngine.Logger:Log(LogType, Object)
UnityEngine.Debug:Log(Object)
<>c__DisplayClass15_0:<OpenGridClickInfo>b__0()
UnityEngine.LowLevel.UpdateFunction:Invoke()
<>c__DisplayClass12_1:<IFrame>b__0()
ReturnAction`1:Invoke()
UnityEngine.WaitUntil:get_keepWaiting()
UnityEngine.SetupCoroutine:InvokeMoveNext(IEnumerator, IntPtr)
 
(Filename: C:\buildslave\unity\build\Runtime/Export/Debug/Debug.bindings.h Line: 35)

保存日志  耗时：821毫秒
UnityEngine.Logger:Log(LogType, Object)
UnityEngine.Debug:Log(Object)
CodeTimeLog:LogMs(String)
<>c__DisplayClass10_1:<SaveLogData>b__4()
UnityEngine.LowLevel.UpdateFunction:Invoke()
UnityEngine.LowLevel.UpdateFunction:Invoke()
<>c__DisplayClass12_1:<IFrame>b__0()
ReturnAction`1:Invoke()
UnityEngine.WaitUntil:get_keepWaiting()
UnityEngine.SetupCoroutine:InvokeMoveNext(IEnumerator, IntPtr)
 
(Filename: C:\buildslave\unity\build\Runtime/Export/Debug/Debug.bindings.h Line: 35)

保存存档1_33OdFC  耗时：1332毫秒
UnityEngine.Logger:Log(LogType, Object)
UnityEngine.Debug:Log(Object)
CodeTimeLog:LogMs(String)
<>c__DisplayClass47_0:<SaveData>b__0()
UnityEngine.LowLevel.UpdateFunction:Invoke()
<>c__DisplayClass12_1:<IFrame>b__0()
ReturnAction`1:Invoke()
UnityEngine.WaitUntil:get_keepWaiting()
UnityEngine.SetupCoroutine:InvokeMoveNext(IEnumerator, IntPtr)
 
(Filename: C:\buildslave\unity\build\Runtime/Export/Debug/Debug.bindings.h Line: 35)

Setting up 6 worker threads for Enlighten.
  Thread -> id: 3e7c -> priority: 1 
  Thread -> id: 992c -> priority: 1 
  Thread -> id: ae64 -> priority: 1 
  Thread -> id: a7f8 -> priority: 1 
  Thread -> id: 8cd4 -> priority: 1 
  Thread -> id: 89a0 -> priority: 1 
